This is pdfTeX, Version 3.141592653-2.6-1.40.26 (MiKTeX 24.4) (preloaded format=pdflatex 2024.6.7)  28 JUL 2024 18:02
entering extended mode
 restricted \write18 enabled.
 %&-line parsing enabled.
**./TN-Zertifikat.tex
(TN-Zertifikat.tex
LaTeX2e <2024-06-01>
L3 programming layer <2024-05-08>
(C:\Users\Vincent\AppData\Local\Programs\MiKTeX\tex/latex/base\article.cls
Document Class: article 2024/02/08 v1.4n Standard LaTeX document class
(C:\Users\Vincent\AppData\Local\Programs\MiKTeX\tex/latex/base\size11.clo
File: size11.clo 2024/02/08 v1.4n Standard LaTeX file (size option)
)
\c@part=\count194
\c@section=\count195
\c@subsection=\count196
\c@subsubsection=\count197
\c@paragraph=\count198
\c@subparagraph=\count199
\c@figure=\count266
\c@table=\count267
\abovecaptionskip=\skip49
\belowcaptionskip=\skip50
\bibindent=\dimen141
)
(C:\Users\Vincent\AppData\Local\Programs\MiKTeX\tex/latex/geometry\geometry.sty
Package: geometry 2020/01/02 v5.9 Page Geometry
(C:\Users\Vincent\AppData\Local\Programs\MiKTeX\tex/latex/graphics\keyval.sty
Package: keyval 2022/05/29 v1.15 key=value parser (DPC)
\KV@toks@=\toks17
)
(C:\Users\Vincent\AppData\Local\Programs\MiKTeX\tex/generic/iftex\ifvtex.sty
Package: ifvtex 2019/10/25 v1.7 ifvtex legacy package. Use iftex instead.

(C:\Users\Vincent\AppData\Local\Programs\MiKTeX\tex/generic/iftex\iftex.sty
Package: iftex 2022/02/03 v1.0f TeX engine tests
))
\Gm@cnth=\count268
\Gm@cntv=\count269
\c@Gm@tempcnt=\count270
\Gm@bindingoffset=\dimen142
\Gm@wd@mp=\dimen143
\Gm@odd@mp=\dimen144
\Gm@even@mp=\dimen145
\Gm@layoutwidth=\dimen146
\Gm@layoutheight=\dimen147
\Gm@layouthoffset=\dimen148
\Gm@layoutvoffset=\dimen149
\Gm@dimlist=\toks18

(C:\Users\Vincent\AppData\Local\Programs\MiKTeX\tex/latex/geometry\geometry.cfg
))
(C:\Users\Vincent\AppData\Local\Programs\MiKTeX\tex/latex/graphics\graphicx.sty
Package: graphicx 2021/09/16 v1.2d Enhanced LaTeX Graphics (DPC,SPQR)

(C:\Users\Vincent\AppData\Local\Programs\MiKTeX\tex/latex/graphics\graphics.sty
Package: graphics 2022/03/10 v1.4e Standard LaTeX Graphics (DPC,SPQR)
(C:\Users\Vincent\AppData\Local\Programs\MiKTeX\tex/latex/graphics\trig.sty
Package: trig 2021/08/11 v1.11 sin cos tan (DPC)
)
(C:\Users\Vincent\AppData\Local\Programs\MiKTeX\tex/latex/graphics-cfg\graphics
.cfg
File: graphics.cfg 2016/06/04 v1.11 sample graphics configuration
)
Package graphics Info: Driver file: pdftex.def on input line 107.

(C:\Users\Vincent\AppData\Local\Programs\MiKTeX\tex/latex/graphics-def\pdftex.d
ef
File: pdftex.def 2024/04/13 v1.2c Graphics/color driver for pdftex
))
\Gin@req@height=\dimen150
\Gin@req@width=\dimen151
)
(C:\Users\Vincent\AppData\Local\Programs\MiKTeX\tex/latex/pgf/frontendlayer\tik
z.sty
(C:\Users\Vincent\AppData\Local\Programs\MiKTeX\tex/latex/pgf/basiclayer\pgf.st
y
(C:\Users\Vincent\AppData\Local\Programs\MiKTeX\tex/latex/pgf/utilities\pgfrcs.
sty
(C:\Users\Vincent\AppData\Local\Programs\MiKTeX\tex/generic/pgf/utilities\pgfut
il-common.tex
\pgfutil@everybye=\toks19
\pgfutil@tempdima=\dimen152
\pgfutil@tempdimb=\dimen153
)
(C:\Users\Vincent\AppData\Local\Programs\MiKTeX\tex/generic/pgf/utilities\pgfut
il-latex.def
\pgfutil@abb=\box52
)
(C:\Users\Vincent\AppData\Local\Programs\MiKTeX\tex/generic/pgf/utilities\pgfrc
s.code.tex
(C:\Users\Vincent\AppData\Local\Programs\MiKTeX\tex/generic/pgf\pgf.revision.te
x)
Package: pgfrcs 2023-01-15 v3.1.10 (3.1.10)
))
Package: pgf 2023-01-15 v3.1.10 (3.1.10)

(C:\Users\Vincent\AppData\Local\Programs\MiKTeX\tex/latex/pgf/basiclayer\pgfcor
e.sty
(C:\Users\Vincent\AppData\Local\Programs\MiKTeX\tex/latex/pgf/systemlayer\pgfsy
s.sty
(C:\Users\Vincent\AppData\Local\Programs\MiKTeX\tex/generic/pgf/systemlayer\pgf
sys.code.tex
Package: pgfsys 2023-01-15 v3.1.10 (3.1.10)

(C:\Users\Vincent\AppData\Local\Programs\MiKTeX\tex/generic/pgf/utilities\pgfke
ys.code.tex
\pgfkeys@pathtoks=\toks20
\pgfkeys@temptoks=\toks21

(C:\Users\Vincent\AppData\Local\Programs\MiKTeX\tex/generic/pgf/utilities\pgfke
yslibraryfiltered.code.tex
\pgfkeys@tmptoks=\toks22
))
\pgf@x=\dimen154
\pgf@y=\dimen155
\pgf@xa=\dimen156
\pgf@ya=\dimen157
\pgf@xb=\dimen158
\pgf@yb=\dimen159
\pgf@xc=\dimen160
\pgf@yc=\dimen161
\pgf@xd=\dimen162
\pgf@yd=\dimen163
\w@pgf@writea=\write3
\r@pgf@reada=\read2
\c@pgf@counta=\count271
\c@pgf@countb=\count272
\c@pgf@countc=\count273
\c@pgf@countd=\count274
\t@pgf@toka=\toks23
\t@pgf@tokb=\toks24
\t@pgf@tokc=\toks25
\pgf@sys@id@count=\count275

(C:\Users\Vincent\AppData\Local\Programs\MiKTeX\tex/generic/pgf/systemlayer\pgf
.cfg
File: pgf.cfg 2023-01-15 v3.1.10 (3.1.10)
)
Driver file for pgf: pgfsys-pdftex.def

(C:\Users\Vincent\AppData\Local\Programs\MiKTeX\tex/generic/pgf/systemlayer\pgf
sys-pdftex.def
File: pgfsys-pdftex.def 2023-01-15 v3.1.10 (3.1.10)

(C:\Users\Vincent\AppData\Local\Programs\MiKTeX\tex/generic/pgf/systemlayer\pgf
sys-common-pdf.def
File: pgfsys-common-pdf.def 2023-01-15 v3.1.10 (3.1.10)
)))
(C:\Users\Vincent\AppData\Local\Programs\MiKTeX\tex/generic/pgf/systemlayer\pgf
syssoftpath.code.tex
File: pgfsyssoftpath.code.tex 2023-01-15 v3.1.10 (3.1.10)
\pgfsyssoftpath@smallbuffer@items=\count276
\pgfsyssoftpath@bigbuffer@items=\count277
)
(C:\Users\Vincent\AppData\Local\Programs\MiKTeX\tex/generic/pgf/systemlayer\pgf
sysprotocol.code.tex
File: pgfsysprotocol.code.tex 2023-01-15 v3.1.10 (3.1.10)
))
(C:\Users\Vincent\AppData\Local\Programs\MiKTeX\tex/latex/xcolor\xcolor.sty
Package: xcolor 2023/11/15 v3.01 LaTeX color extensions (UK)

(C:\Users\Vincent\AppData\Local\Programs\MiKTeX\tex/latex/graphics-cfg\color.cf
g
File: color.cfg 2016/01/02 v1.6 sample color configuration
)
Package xcolor Info: Driver file: pdftex.def on input line 274.

(C:\Users\Vincent\AppData\Local\Programs\MiKTeX\tex/latex/graphics\mathcolor.lt
x)
Package xcolor Info: Model `cmy' substituted by `cmy0' on input line 1350.
Package xcolor Info: Model `hsb' substituted by `rgb' on input line 1354.
Package xcolor Info: Model `RGB' extended on input line 1366.
Package xcolor Info: Model `HTML' substituted by `rgb' on input line 1368.
Package xcolor Info: Model `Hsb' substituted by `hsb' on input line 1369.
Package xcolor Info: Model `tHsb' substituted by `hsb' on input line 1370.
Package xcolor Info: Model `HSB' substituted by `hsb' on input line 1371.
Package xcolor Info: Model `Gray' substituted by `gray' on input line 1372.
Package xcolor Info: Model `wave' substituted by `hsb' on input line 1373.
)
(C:\Users\Vincent\AppData\Local\Programs\MiKTeX\tex/generic/pgf/basiclayer\pgfc
ore.code.tex
Package: pgfcore 2023-01-15 v3.1.10 (3.1.10)

(C:\Users\Vincent\AppData\Local\Programs\MiKTeX\tex/generic/pgf/math\pgfmath.co
de.tex
(C:\Users\Vincent\AppData\Local\Programs\MiKTeX\tex/generic/pgf/math\pgfmathuti
l.code.tex)
(C:\Users\Vincent\AppData\Local\Programs\MiKTeX\tex/generic/pgf/math\pgfmathpar
ser.code.tex
\pgfmath@dimen=\dimen164
\pgfmath@count=\count278
\pgfmath@box=\box53
\pgfmath@toks=\toks26
\pgfmath@stack@operand=\toks27
\pgfmath@stack@operation=\toks28
)
(C:\Users\Vincent\AppData\Local\Programs\MiKTeX\tex/generic/pgf/math\pgfmathfun
ctions.code.tex)
(C:\Users\Vincent\AppData\Local\Programs\MiKTeX\tex/generic/pgf/math\pgfmathfun
ctions.basic.code.tex)
(C:\Users\Vincent\AppData\Local\Programs\MiKTeX\tex/generic/pgf/math\pgfmathfun
ctions.trigonometric.code.tex)
(C:\Users\Vincent\AppData\Local\Programs\MiKTeX\tex/generic/pgf/math\pgfmathfun
ctions.random.code.tex)
(C:\Users\Vincent\AppData\Local\Programs\MiKTeX\tex/generic/pgf/math\pgfmathfun
ctions.comparison.code.tex)
(C:\Users\Vincent\AppData\Local\Programs\MiKTeX\tex/generic/pgf/math\pgfmathfun
ctions.base.code.tex)
(C:\Users\Vincent\AppData\Local\Programs\MiKTeX\tex/generic/pgf/math\pgfmathfun
ctions.round.code.tex)
(C:\Users\Vincent\AppData\Local\Programs\MiKTeX\tex/generic/pgf/math\pgfmathfun
ctions.misc.code.tex)
(C:\Users\Vincent\AppData\Local\Programs\MiKTeX\tex/generic/pgf/math\pgfmathfun
ctions.integerarithmetics.code.tex)
(C:\Users\Vincent\AppData\Local\Programs\MiKTeX\tex/generic/pgf/math\pgfmathcal
c.code.tex)
(C:\Users\Vincent\AppData\Local\Programs\MiKTeX\tex/generic/pgf/math\pgfmathflo
at.code.tex
\c@pgfmathroundto@lastzeros=\count279
))
(C:\Users\Vincent\AppData\Local\Programs\MiKTeX\tex/generic/pgf/math\pgfint.cod
e.tex)
(C:\Users\Vincent\AppData\Local\Programs\MiKTeX\tex/generic/pgf/basiclayer\pgfc
orepoints.code.tex
File: pgfcorepoints.code.tex 2023-01-15 v3.1.10 (3.1.10)
\pgf@picminx=\dimen165
\pgf@picmaxx=\dimen166
\pgf@picminy=\dimen167
\pgf@picmaxy=\dimen168
\pgf@pathminx=\dimen169
\pgf@pathmaxx=\dimen170
\pgf@pathminy=\dimen171
\pgf@pathmaxy=\dimen172
\pgf@xx=\dimen173
\pgf@xy=\dimen174
\pgf@yx=\dimen175
\pgf@yy=\dimen176
\pgf@zx=\dimen177
\pgf@zy=\dimen178
)
(C:\Users\Vincent\AppData\Local\Programs\MiKTeX\tex/generic/pgf/basiclayer\pgfc
orepathconstruct.code.tex
File: pgfcorepathconstruct.code.tex 2023-01-15 v3.1.10 (3.1.10)
\pgf@path@lastx=\dimen179
\pgf@path@lasty=\dimen180
)
(C:\Users\Vincent\AppData\Local\Programs\MiKTeX\tex/generic/pgf/basiclayer\pgfc
orepathusage.code.tex
File: pgfcorepathusage.code.tex 2023-01-15 v3.1.10 (3.1.10)
\pgf@shorten@end@additional=\dimen181
\pgf@shorten@start@additional=\dimen182
)
(C:\Users\Vincent\AppData\Local\Programs\MiKTeX\tex/generic/pgf/basiclayer\pgfc
orescopes.code.tex
File: pgfcorescopes.code.tex 2023-01-15 v3.1.10 (3.1.10)
\pgfpic=\box54
\pgf@hbox=\box55
\pgf@layerbox@main=\box56
\pgf@picture@serial@count=\count280
)
(C:\Users\Vincent\AppData\Local\Programs\MiKTeX\tex/generic/pgf/basiclayer\pgfc
oregraphicstate.code.tex
File: pgfcoregraphicstate.code.tex 2023-01-15 v3.1.10 (3.1.10)
\pgflinewidth=\dimen183
)
(C:\Users\Vincent\AppData\Local\Programs\MiKTeX\tex/generic/pgf/basiclayer\pgfc
oretransformations.code.tex
File: pgfcoretransformations.code.tex 2023-01-15 v3.1.10 (3.1.10)
\pgf@pt@x=\dimen184
\pgf@pt@y=\dimen185
\pgf@pt@temp=\dimen186
)
(C:\Users\Vincent\AppData\Local\Programs\MiKTeX\tex/generic/pgf/basiclayer\pgfc
orequick.code.tex
File: pgfcorequick.code.tex 2023-01-15 v3.1.10 (3.1.10)
)
(C:\Users\Vincent\AppData\Local\Programs\MiKTeX\tex/generic/pgf/basiclayer\pgfc
oreobjects.code.tex
File: pgfcoreobjects.code.tex 2023-01-15 v3.1.10 (3.1.10)
)
(C:\Users\Vincent\AppData\Local\Programs\MiKTeX\tex/generic/pgf/basiclayer\pgfc
orepathprocessing.code.tex
File: pgfcorepathprocessing.code.tex 2023-01-15 v3.1.10 (3.1.10)
)
(C:\Users\Vincent\AppData\Local\Programs\MiKTeX\tex/generic/pgf/basiclayer\pgfc
orearrows.code.tex
File: pgfcorearrows.code.tex 2023-01-15 v3.1.10 (3.1.10)
\pgfarrowsep=\dimen187
)
(C:\Users\Vincent\AppData\Local\Programs\MiKTeX\tex/generic/pgf/basiclayer\pgfc
oreshade.code.tex
File: pgfcoreshade.code.tex 2023-01-15 v3.1.10 (3.1.10)
\pgf@max=\dimen188
\pgf@sys@shading@range@num=\count281
\pgf@shadingcount=\count282
)
(C:\Users\Vincent\AppData\Local\Programs\MiKTeX\tex/generic/pgf/basiclayer\pgfc
oreimage.code.tex
File: pgfcoreimage.code.tex 2023-01-15 v3.1.10 (3.1.10)
)
(C:\Users\Vincent\AppData\Local\Programs\MiKTeX\tex/generic/pgf/basiclayer\pgfc
oreexternal.code.tex
File: pgfcoreexternal.code.tex 2023-01-15 v3.1.10 (3.1.10)
\pgfexternal@startupbox=\box57
)
(C:\Users\Vincent\AppData\Local\Programs\MiKTeX\tex/generic/pgf/basiclayer\pgfc
orelayers.code.tex
File: pgfcorelayers.code.tex 2023-01-15 v3.1.10 (3.1.10)
)
(C:\Users\Vincent\AppData\Local\Programs\MiKTeX\tex/generic/pgf/basiclayer\pgfc
oretransparency.code.tex
File: pgfcoretransparency.code.tex 2023-01-15 v3.1.10 (3.1.10)
)
(C:\Users\Vincent\AppData\Local\Programs\MiKTeX\tex/generic/pgf/basiclayer\pgfc
orepatterns.code.tex
File: pgfcorepatterns.code.tex 2023-01-15 v3.1.10 (3.1.10)
)
(C:\Users\Vincent\AppData\Local\Programs\MiKTeX\tex/generic/pgf/basiclayer\pgfc
orerdf.code.tex
File: pgfcorerdf.code.tex 2023-01-15 v3.1.10 (3.1.10)
)))
(C:\Users\Vincent\AppData\Local\Programs\MiKTeX\tex/generic/pgf/modules\pgfmodu
leshapes.code.tex
File: pgfmoduleshapes.code.tex 2023-01-15 v3.1.10 (3.1.10)
\pgfnodeparttextbox=\box58
)
(C:\Users\Vincent\AppData\Local\Programs\MiKTeX\tex/generic/pgf/modules\pgfmodu
leplot.code.tex
File: pgfmoduleplot.code.tex 2023-01-15 v3.1.10 (3.1.10)
)
(C:\Users\Vincent\AppData\Local\Programs\MiKTeX\tex/latex/pgf/compatibility\pgf
comp-version-0-65.sty
Package: pgfcomp-version-0-65 2023-01-15 v3.1.10 (3.1.10)
\pgf@nodesepstart=\dimen189
\pgf@nodesepend=\dimen190
)
(C:\Users\Vincent\AppData\Local\Programs\MiKTeX\tex/latex/pgf/compatibility\pgf
comp-version-1-18.sty
Package: pgfcomp-version-1-18 2023-01-15 v3.1.10 (3.1.10)
))
(C:\Users\Vincent\AppData\Local\Programs\MiKTeX\tex/latex/pgf/utilities\pgffor.
sty
(C:\Users\Vincent\AppData\Local\Programs\MiKTeX\tex/latex/pgf/utilities\pgfkeys
.sty
(C:\Users\Vincent\AppData\Local\Programs\MiKTeX\tex/generic/pgf/utilities\pgfke
ys.code.tex))
(C:\Users\Vincent\AppData\Local\Programs\MiKTeX\tex/latex/pgf/math\pgfmath.sty
(C:\Users\Vincent\AppData\Local\Programs\MiKTeX\tex/generic/pgf/math\pgfmath.co
de.tex))
(C:\Users\Vincent\AppData\Local\Programs\MiKTeX\tex/generic/pgf/utilities\pgffo
r.code.tex
Package: pgffor 2023-01-15 v3.1.10 (3.1.10)
\pgffor@iter=\dimen191
\pgffor@skip=\dimen192
\pgffor@stack=\toks29
\pgffor@toks=\toks30
))
(C:\Users\Vincent\AppData\Local\Programs\MiKTeX\tex/generic/pgf/frontendlayer/t
ikz\tikz.code.tex
Package: tikz 2023-01-15 v3.1.10 (3.1.10)

(C:\Users\Vincent\AppData\Local\Programs\MiKTeX\tex/generic/pgf/libraries\pgfli
braryplothandlers.code.tex
File: pgflibraryplothandlers.code.tex 2023-01-15 v3.1.10 (3.1.10)
\pgf@plot@mark@count=\count283
\pgfplotmarksize=\dimen193
)
\tikz@lastx=\dimen194
\tikz@lasty=\dimen195
\tikz@lastxsaved=\dimen196
\tikz@lastysaved=\dimen197
\tikz@lastmovetox=\dimen198
\tikz@lastmovetoy=\dimen199
\tikzleveldistance=\dimen256
\tikzsiblingdistance=\dimen257
\tikz@figbox=\box59
\tikz@figbox@bg=\box60
\tikz@tempbox=\box61
\tikz@tempbox@bg=\box62
\tikztreelevel=\count284
\tikznumberofchildren=\count285
\tikznumberofcurrentchild=\count286
\tikz@fig@count=\count287

(C:\Users\Vincent\AppData\Local\Programs\MiKTeX\tex/generic/pgf/modules\pgfmodu
lematrix.code.tex
File: pgfmodulematrix.code.tex 2023-01-15 v3.1.10 (3.1.10)
\pgfmatrixcurrentrow=\count288
\pgfmatrixcurrentcolumn=\count289
\pgf@matrix@numberofcolumns=\count290
)
\tikz@expandcount=\count291

(C:\Users\Vincent\AppData\Local\Programs\MiKTeX\tex/generic/pgf/frontendlayer/t
ikz/libraries\tikzlibrarytopaths.code.tex
File: tikzlibrarytopaths.code.tex 2023-01-15 v3.1.10 (3.1.10)
)))
(C:\Users\Vincent\AppData\Local\Programs\MiKTeX\tex/generic/babel\babel.sty
Package: babel 2024/05/18 v24.5 The Babel package
\babel@savecnt=\count292
\U@D=\dimen258
\l@unhyphenated=\language79

(C:\Users\Vincent\AppData\Local\Programs\MiKTeX\tex/generic/babel\txtbabel.def)
\bbl@readstream=\read3
\bbl@dirlevel=\count293
*************************************
* Local config file bblopts.cfg used
*
(C:\Users\Vincent\AppData\Local\Programs\MiKTeX\tex/latex/arabi\bblopts.cfg
File: bblopts.cfg 2005/09/08 v0.1 add Arabic and Farsi to "declared" options of
 babel
)
(C:\Users\Vincent\AppData\Local\Programs\MiKTeX\tex/latex/babel-german\ngerman.
ldf
Language: ngerman 2024/01/19 v2.14 German support for babel (post-1996 orthogra
phy)

(C:\Users\Vincent\AppData\Local\Programs\MiKTeX\tex/latex/babel-german\ngermanb
.ldf
Language: ngermanb 2024/01/19 v2.14 German support for babel (post-1996 orthogr
aphy)
Package babel Info: Making " an active character on input line 122.
)))
(C:\Users\Vincent\AppData\Local\Programs\MiKTeX\tex/generic/babel/locale/de\bab
el-ngerman.tex
Package babel Info: Importing font and identification data for ngerman
(babel)             from babel-de.ini. Reported on input line 11.
)
(C:\Users\Vincent\AppData\Local\Programs\MiKTeX\tex/latex/datatool\datatool.sty
Package: datatool 2019/09/27 v2.32 (NLCT)
(C:\Users\Vincent\AppData\Local\Programs\MiKTeX\tex/latex/xkeyval\xkeyval.sty
Package: xkeyval 2022/06/16 v2.9 package option processing (HA)

(C:\Users\Vincent\AppData\Local\Programs\MiKTeX\tex/generic/xkeyval\xkeyval.tex

(C:\Users\Vincent\AppData\Local\Programs\MiKTeX\tex/generic/xkeyval\xkvutils.te
x
\XKV@toks=\toks31
\XKV@tempa@toks=\toks32
)
\XKV@depth=\count294
File: xkeyval.tex 2014/12/03 v2.7a key=value parser (HA)
)) (C:\Users\Vincent\AppData\Local\Programs\MiKTeX\tex/latex/base\ifthen.sty
Package: ifthen 2024/03/16 v1.1e Standard LaTeX ifthen package (DPC)
) (C:\Users\Vincent\AppData\Local\Programs\MiKTeX\tex/latex/xfor\xfor.sty
Package: xfor 2009/02/05 v1.05 (NLCT)
)
(C:\Users\Vincent\AppData\Local\Programs\MiKTeX\tex/latex/substr\substr.sty
Package: substr 2009/10/20 v1.2 Handle substrings
\c@su@anzahl=\count295
)
(C:\Users\Vincent\AppData\Local\Programs\MiKTeX\tex/latex/etoolbox\etoolbox.sty
Package: etoolbox 2020/10/05 v2.5k e-TeX tools for LaTeX (JAW)
\etb@tempcnta=\count296
)
(C:\Users\Vincent\AppData\Local\Programs\MiKTeX\tex/latex/datatool\datatool-bas
e.sty
Package: datatool-base 2019/09/27 v2.32 (NLCT)

(C:\Users\Vincent\AppData\Local\Programs\MiKTeX\tex/latex/amsmath\amsmath.sty
Package: amsmath 2023/05/13 v2.17o AMS math features
\@mathmargin=\skip51

For additional information on amsmath, use the `?' option.
(C:\Users\Vincent\AppData\Local\Programs\MiKTeX\tex/latex/amsmath\amstext.sty
Package: amstext 2021/08/26 v2.01 AMS text

(C:\Users\Vincent\AppData\Local\Programs\MiKTeX\tex/latex/amsmath\amsgen.sty
File: amsgen.sty 1999/11/30 v2.0 generic functions
\@emptytoks=\toks33
\ex@=\dimen259
))
(C:\Users\Vincent\AppData\Local\Programs\MiKTeX\tex/latex/amsmath\amsbsy.sty
Package: amsbsy 1999/11/29 v1.2d Bold Symbols
\pmbraise@=\dimen260
)
(C:\Users\Vincent\AppData\Local\Programs\MiKTeX\tex/latex/amsmath\amsopn.sty
Package: amsopn 2022/04/08 v2.04 operator names
)
\inf@bad=\count297
LaTeX Info: Redefining \frac on input line 234.
\uproot@=\count298
\leftroot@=\count299
LaTeX Info: Redefining \overline on input line 399.
LaTeX Info: Redefining \colon on input line 410.
\classnum@=\count300
\DOTSCASE@=\count301
LaTeX Info: Redefining \ldots on input line 496.
LaTeX Info: Redefining \dots on input line 499.
LaTeX Info: Redefining \cdots on input line 620.
\Mathstrutbox@=\box63
\strutbox@=\box64
LaTeX Info: Redefining \big on input line 722.
LaTeX Info: Redefining \Big on input line 723.
LaTeX Info: Redefining \bigg on input line 724.
LaTeX Info: Redefining \Bigg on input line 725.
\big@size=\dimen261
LaTeX Font Info:    Redeclaring font encoding OML on input line 743.
LaTeX Font Info:    Redeclaring font encoding OMS on input line 744.
\macc@depth=\count302
LaTeX Info: Redefining \bmod on input line 905.
LaTeX Info: Redefining \pmod on input line 910.
LaTeX Info: Redefining \smash on input line 940.
LaTeX Info: Redefining \relbar on input line 970.
LaTeX Info: Redefining \Relbar on input line 971.
\c@MaxMatrixCols=\count303
\dotsspace@=\muskip17
\c@parentequation=\count304
\dspbrk@lvl=\count305
\tag@help=\toks34
\row@=\count306
\column@=\count307
\maxfields@=\count308
\andhelp@=\toks35
\eqnshift@=\dimen262
\alignsep@=\dimen263
\tagshift@=\dimen264
\tagwidth@=\dimen265
\totwidth@=\dimen266
\lineht@=\dimen267
\@envbody=\toks36
\multlinegap=\skip52
\multlinetaggap=\skip53
\mathdisplay@stack=\toks37
LaTeX Info: Redefining \[ on input line 2953.
LaTeX Info: Redefining \] on input line 2954.
)
(C:\Users\Vincent\AppData\Local\Programs\MiKTeX\tex/latex/datatool\datatool-fp.
sty
Package: datatool-fp 2019/09/27 v2.32 (NLCT)
 (C:\Users\Vincent\AppData\Local\Programs\MiKTeX\tex/latex/fp\fp.sty
Package: fp 1995/04/02

`Fixed Point Package', Version 0.8, April 2, 1995 (C) Michael Mehlich
(C:\Users\Vincent\AppData\Local\Programs\MiKTeX\tex/latex/fp\defpattern.sty
Package: defpattern 1994/10/12
\actioncount=\count309
)
(C:\Users\Vincent\AppData\Local\Programs\MiKTeX\tex/latex/fp\fp-basic.sty
Package: fp-basic 1996/05/13
\FP@xs=\count310
\FP@xia=\count311
\FP@xib=\count312
\FP@xfa=\count313
\FP@xfb=\count314
\FP@rega=\count315
\FP@regb=\count316
\FP@regs=\count317
\FP@times=\count318
)
(C:\Users\Vincent\AppData\Local\Programs\MiKTeX\tex/latex/fp\fp-addons.sty
Package: fp-addons 1995/03/15
)
(C:\Users\Vincent\AppData\Local\Programs\MiKTeX\tex/latex/fp\fp-snap.sty
Package: fp-snap 1995/04/05
)
(C:\Users\Vincent\AppData\Local\Programs\MiKTeX\tex/latex/fp\fp-exp.sty
Package: fp-exp 1995/04/03
)
(C:\Users\Vincent\AppData\Local\Programs\MiKTeX\tex/latex/fp\fp-trigo.sty
Package: fp-trigo 1995/04/14
)
(C:\Users\Vincent\AppData\Local\Programs\MiKTeX\tex/latex/fp\fp-pas.sty
Package: fp-pas 1994/08/29
)
(C:\Users\Vincent\AppData\Local\Programs\MiKTeX\tex/latex/fp\fp-random.sty
Package: fp-random 1995/02/23
\FPseed=\count319
)
(C:\Users\Vincent\AppData\Local\Programs\MiKTeX\tex/latex/fp\fp-eqn.sty
Package: fp-eqn 1995/04/03
)
(C:\Users\Vincent\AppData\Local\Programs\MiKTeX\tex/latex/fp\fp-upn.sty
Package: fp-upn 1996/10/21
)
(C:\Users\Vincent\AppData\Local\Programs\MiKTeX\tex/latex/fp\fp-eval.sty
Package: fp-eval 1995/04/03
)))
\@dtl@toks=\toks38
\@dtl@tmpcount=\count320
\dtl@tmplength=\skip54
\dtl@sortresult=\count321
\@dtl@numgrpsepcount=\count322
\@dtl@datatype=\count323
\dtl@codeA=\count324
\dtl@codeB=\count325
\@dtl@foreach@level=\count326
)
\dtlcolumnnum=\count327
\dtlrownum=\count328
\@dtl@before=\toks39
\@dtl@after=\toks40
\@dtl@colhead=\toks41
\dtlcurrentrow=\toks42
\dtlbeforerow=\toks43
\dtlafterrow=\toks44
\dtlforeachlevel=\count329
\c@DTLrowi=\count330
\c@DTLrowii=\count331
\c@DTLrowiii=\count332
\c@DTLrow=\count333
\dtl@rowi=\count334
\dtl@rowii=\count335
\dtl@rowiii=\count336
\@dtl@curi=\toks45
\@dtl@previ=\toks46
\@dtl@nexti=\toks47
\@dtl@curii=\toks48
\@dtl@previi=\toks49
\@dtl@nextii=\toks50
\@dtl@curiii=\toks51
\@dtl@previii=\toks52
\@dtl@nextiii=\toks53
\@dtl@elements=\count337
\@dtl@list=\toks54
\@dtl@rowa=\toks55
\@dtl@rowb=\toks56
\@dtl@toksA=\toks57
\@dtl@toksB=\toks58
\@dtl@write=\write4
\@dtl@read=\read4
\dtl@entrycr=\count338
\dtl@omitlines=\count339
)
(C:\Users\Vincent\AppData\Local\Programs\MiKTeX\tex/latex/tools\verbatim.sty
Package: verbatim 2023-11-06 v1.5v LaTeX2e package for verbatim enhancements
\every@verbatim=\toks59
\verbatim@line=\toks60
\verbatim@in@stream=\read5
)
(C:\Users\Vincent\AppData\Local\Programs\MiKTeX\tex/latex/base\inputenc.sty
Package: inputenc 2024/02/08 v1.3d Input encoding file
\inpenc@prehook=\toks61
\inpenc@posthook=\toks62
)
\dtldb@class=\toks63
\dtlkeys@class=\toks64
\dtlrows@class=\count340
\dtlcols@class=\count341

(C:\Users\Vincent\AppData\Local\Programs\MiKTeX\tex/latex/l3backend\l3backend-p
dftex.def
File: l3backend-pdftex.def 2024-05-08 L3 backend support: PDF output (pdfTeX)
\l__color_backend_stack_int=\count342
\l__pdf_internal_box=\box65
) (TN-Zertifikat.aux)
\openout1 = `TN-Zertifikat.aux'.

LaTeX Font Info:    Checking defaults for OML/cmm/m/it on input line 77.
LaTeX Font Info:    ... okay on input line 77.
LaTeX Font Info:    Checking defaults for OMS/cmsy/m/n on input line 77.
LaTeX Font Info:    ... okay on input line 77.
LaTeX Font Info:    Checking defaults for OT1/cmr/m/n on input line 77.
LaTeX Font Info:    ... okay on input line 77.
LaTeX Font Info:    Checking defaults for T1/cmr/m/n on input line 77.
LaTeX Font Info:    ... okay on input line 77.
LaTeX Font Info:    Checking defaults for TS1/cmr/m/n on input line 77.
LaTeX Font Info:    ... okay on input line 77.
LaTeX Font Info:    Checking defaults for OMX/cmex/m/n on input line 77.
LaTeX Font Info:    ... okay on input line 77.
LaTeX Font Info:    Checking defaults for U/cmr/m/n on input line 77.
LaTeX Font Info:    ... okay on input line 77.

*geometry* driver: auto-detecting
*geometry* detected driver: pdftex
*geometry* verbose mode - [ preamble ] result:
* driver: pdftex
* paper: <default>
* layout: <same size as paper>
* layoutoffset:(h,v)=(0.0pt,0.0pt)
* modes: 
* h-part:(L,W,R)=(72.26999pt, 469.75502pt, 72.26999pt)
* v-part:(T,H,B)=(72.26999pt, 650.43001pt, 72.26999pt)
* \paperwidth=614.295pt
* \paperheight=794.96999pt
* \textwidth=469.75502pt
* \textheight=650.43001pt
* \oddsidemargin=0.0pt
* \evensidemargin=0.0pt
* \topmargin=-37.0pt
* \headheight=12.0pt
* \headsep=25.0pt
* \topskip=11.0pt
* \footskip=30.0pt
* \marginparwidth=59.0pt
* \marginparsep=10.0pt
* \columnsep=10.0pt
* \skip\footins=10.0pt plus 4.0pt minus 2.0pt
* \hoffset=0.0pt
* \voffset=0.0pt
* \mag=1000
* \@twocolumnfalse
* \@twosidefalse
* \@mparswitchfalse
* \@reversemarginfalse
* (1in=72.27pt=25.4mm, 1cm=28.453pt)


(C:\Users\Vincent\AppData\Local\Programs\MiKTeX\tex/context/base/mkii\supp-pdf.
mkii
[Loading MPS to PDF converter (version 2006.09.02).]
\scratchcounter=\count343
\scratchdimen=\dimen268
\scratchbox=\box66
\nofMPsegments=\count344
\nofMParguments=\count345
\everyMPshowfont=\toks65
\MPscratchCnt=\count346
\MPscratchDim=\dimen269
\MPnumerator=\count347
\makeMPintoPDFobject=\count348
\everyMPtoPDFconversion=\toks66
)
(C:\Users\Vincent\AppData\Local\Programs\MiKTeX\tex/latex/epstopdf-pkg\epstopdf
-base.sty
Package: epstopdf-base 2020-01-24 v2.11 Base part for package epstopdf

(C:\Users\Vincent\AppData\Local\Programs\MiKTeX\tex/generic/infwarerr\infwarerr
.sty
Package: infwarerr 2019/12/03 v1.5 Providing info/warning/error messages (HO)
)
(C:\Users\Vincent\AppData\Local\Programs\MiKTeX\tex/latex/grfext\grfext.sty
Package: grfext 2019/12/03 v1.3 Manage graphics extensions (HO)

(C:\Users\Vincent\AppData\Local\Programs\MiKTeX\tex/generic/kvdefinekeys\kvdefi
nekeys.sty
Package: kvdefinekeys 2019-12-19 v1.6 Define keys (HO)
))
(C:\Users\Vincent\AppData\Local\Programs\MiKTeX\tex/latex/kvoptions\kvoptions.s
ty
Package: kvoptions 2022-06-15 v3.15 Key value format for package options (HO)

(C:\Users\Vincent\AppData\Local\Programs\MiKTeX\tex/generic/ltxcmds\ltxcmds.sty
Package: ltxcmds 2023-12-04 v1.26 LaTeX kernel commands for general use (HO)
)
(C:\Users\Vincent\AppData\Local\Programs\MiKTeX\tex/latex/kvsetkeys\kvsetkeys.s
ty
Package: kvsetkeys 2022-10-05 v1.19 Key value parser (HO)
))
(C:\Users\Vincent\AppData\Local\Programs\MiKTeX\tex/generic/pdftexcmds\pdftexcm
ds.sty
Package: pdftexcmds 2020-06-27 v0.33 Utility functions of pdfTeX for LuaTeX (HO
)
Package pdftexcmds Info: \pdf@primitive is available.
Package pdftexcmds Info: \pdf@ifprimitive is available.
Package pdftexcmds Info: \pdfdraftmode found.
)
Package epstopdf-base Info: Redefining graphics rule for `.eps' on input line 4
85.
Package grfext Info: Graphics extension search list:
(grfext)             [.pdf,.png,.jpg,.mps,.jpeg,.jbig2,.jb2,.PDF,.PNG,.JPG,.JPE
G,.JBIG2,.JB2,.eps]
(grfext)             \AppendGraphicsExtensions on input line 504.

(C:\Users\Vincent\AppData\Local\Programs\MiKTeX\tex/latex/00miktex\epstopdf-sys
.cfg
File: epstopdf-sys.cfg 2021/03/18 v2.0 Configuration of epstopdf for MiKTeX
))
<Logos/signature.png, id=4, 355.3275pt x 219.82124pt>
File: Logos/signature.png Graphic file (type png)
<use Logos/signature.png>
Package pdftex.def Info: Logos/signature.png  used on input line 157.
(pdftex.def)             Requested size: 70.46037pt x 43.58778pt.

Underfull \hbox (badness 10000) in paragraph at lines 157--157

 []


Underfull \hbox (badness 10000) in paragraph at lines 157--157

 []


Underfull \hbox (badness 10000) in paragraph at lines 157--157

 []


Underfull \hbox (badness 10000) in paragraph at lines 157--157

 []


Underfull \hbox (badness 10000) in paragraph at lines 157--157

 []

<Logos/jef.png, id=5, 794.97pt x 270.38014pt>
File: Logos/jef.png Graphic file (type png)
<use Logos/jef.png>
Package pdftex.def Info: Logos/jef.png  used on input line 157.
(pdftex.def)             Requested size: 167.31253pt x 56.9055pt.
<Logos/simep.png, id=7, 376.40625pt x 376.40625pt>
File: Logos/simep.png Graphic file (type png)
<use Logos/simep.png>
Package pdftex.def Info: Logos/simep.png  used on input line 157.
(pdftex.def)             Requested size: 78.24355pt x 78.24507pt.
<Logos/finance.png, id=8, 1003.75pt x 530.98375pt>
File: Logos/finance.png Graphic file (type png)
<use Logos/finance.png>
Package pdftex.def Info: Logos/finance.png  used on input line 157.
(pdftex.def)             Requested size: 134.45891pt x 71.13188pt.
<Logos/Bamberg.png, id=9, 481.8pt x 429.605pt>
File: Logos/Bamberg.png Graphic file (type png)
<use Logos/Bamberg.png>
Package pdftex.def Info: Logos/Bamberg.png  used on input line 157.
(pdftex.def)             Requested size: 63.81245pt x 56.9055pt.


[1

{C:/Users/Vincent/AppData/Local/MiKTeX/fonts/map/pdftex/pdftex.map} <./Logos/si
gnature.png> <./Logos/jef.png> <./Logos/simep.png> <./Logos/finance.png> <./Log
os/Bamberg.png>]
File: Logos/signature.png Graphic file (type png)
<use Logos/signature.png>
Package pdftex.def Info: Logos/signature.png  used on input line 157.
(pdftex.def)             Requested size: 70.46037pt x 43.58778pt.

Underfull \hbox (badness 10000) in paragraph at lines 157--157

 []


Underfull \hbox (badness 10000) in paragraph at lines 157--157

 []


Underfull \hbox (badness 10000) in paragraph at lines 157--157

 []


Underfull \hbox (badness 10000) in paragraph at lines 157--157

 []


Underfull \hbox (badness 10000) in paragraph at lines 157--157

 []

File: Logos/jef.png Graphic file (type png)
<use Logos/jef.png>
Package pdftex.def Info: Logos/jef.png  used on input line 157.
(pdftex.def)             Requested size: 167.31253pt x 56.9055pt.
File: Logos/simep.png Graphic file (type png)
<use Logos/simep.png>
Package pdftex.def Info: Logos/simep.png  used on input line 157.
(pdftex.def)             Requested size: 78.24355pt x 78.24507pt.
File: Logos/finance.png Graphic file (type png)
<use Logos/finance.png>
Package pdftex.def Info: Logos/finance.png  used on input line 157.
(pdftex.def)             Requested size: 134.45891pt x 71.13188pt.
File: Logos/Bamberg.png Graphic file (type png)
<use Logos/Bamberg.png>
Package pdftex.def Info: Logos/Bamberg.png  used on input line 157.
(pdftex.def)             Requested size: 63.81245pt x 56.9055pt.


[2]
File: Logos/signature.png Graphic file (type png)
<use Logos/signature.png>
Package pdftex.def Info: Logos/signature.png  used on input line 157.
(pdftex.def)             Requested size: 70.46037pt x 43.58778pt.

Underfull \hbox (badness 10000) in paragraph at lines 157--157

 []


Underfull \hbox (badness 10000) in paragraph at lines 157--157

 []


Underfull \hbox (badness 10000) in paragraph at lines 157--157

 []


Underfull \hbox (badness 10000) in paragraph at lines 157--157

 []


Underfull \hbox (badness 10000) in paragraph at lines 157--157

 []

File: Logos/jef.png Graphic file (type png)
<use Logos/jef.png>
Package pdftex.def Info: Logos/jef.png  used on input line 157.
(pdftex.def)             Requested size: 167.31253pt x 56.9055pt.
File: Logos/simep.png Graphic file (type png)
<use Logos/simep.png>
Package pdftex.def Info: Logos/simep.png  used on input line 157.
(pdftex.def)             Requested size: 78.24355pt x 78.24507pt.
File: Logos/finance.png Graphic file (type png)
<use Logos/finance.png>
Package pdftex.def Info: Logos/finance.png  used on input line 157.
(pdftex.def)             Requested size: 134.45891pt x 71.13188pt.
File: Logos/Bamberg.png Graphic file (type png)
<use Logos/Bamberg.png>
Package pdftex.def Info: Logos/Bamberg.png  used on input line 157.
(pdftex.def)             Requested size: 63.81245pt x 56.9055pt.


[3]
File: Logos/signature.png Graphic file (type png)
<use Logos/signature.png>
Package pdftex.def Info: Logos/signature.png  used on input line 157.
(pdftex.def)             Requested size: 70.46037pt x 43.58778pt.

Underfull \hbox (badness 10000) in paragraph at lines 157--157

 []


Underfull \hbox (badness 10000) in paragraph at lines 157--157

 []


Underfull \hbox (badness 10000) in paragraph at lines 157--157

 []


Underfull \hbox (badness 10000) in paragraph at lines 157--157

 []


Underfull \hbox (badness 10000) in paragraph at lines 157--157

 []

File: Logos/jef.png Graphic file (type png)
<use Logos/jef.png>
Package pdftex.def Info: Logos/jef.png  used on input line 157.
(pdftex.def)             Requested size: 167.31253pt x 56.9055pt.
File: Logos/simep.png Graphic file (type png)
<use Logos/simep.png>
Package pdftex.def Info: Logos/simep.png  used on input line 157.
(pdftex.def)             Requested size: 78.24355pt x 78.24507pt.
File: Logos/finance.png Graphic file (type png)
<use Logos/finance.png>
Package pdftex.def Info: Logos/finance.png  used on input line 157.
(pdftex.def)             Requested size: 134.45891pt x 71.13188pt.
File: Logos/Bamberg.png Graphic file (type png)
<use Logos/Bamberg.png>
Package pdftex.def Info: Logos/Bamberg.png  used on input line 157.
(pdftex.def)             Requested size: 63.81245pt x 56.9055pt.


[4]
File: Logos/signature.png Graphic file (type png)
<use Logos/signature.png>
Package pdftex.def Info: Logos/signature.png  used on input line 157.
(pdftex.def)             Requested size: 70.46037pt x 43.58778pt.

Underfull \hbox (badness 10000) in paragraph at lines 157--157

 []


Underfull \hbox (badness 10000) in paragraph at lines 157--157

 []


Underfull \hbox (badness 10000) in paragraph at lines 157--157

 []


Underfull \hbox (badness 10000) in paragraph at lines 157--157

 []


Underfull \hbox (badness 10000) in paragraph at lines 157--157

 []

File: Logos/jef.png Graphic file (type png)
<use Logos/jef.png>
Package pdftex.def Info: Logos/jef.png  used on input line 157.
(pdftex.def)             Requested size: 167.31253pt x 56.9055pt.
File: Logos/simep.png Graphic file (type png)
<use Logos/simep.png>
Package pdftex.def Info: Logos/simep.png  used on input line 157.
(pdftex.def)             Requested size: 78.24355pt x 78.24507pt.
File: Logos/finance.png Graphic file (type png)
<use Logos/finance.png>
Package pdftex.def Info: Logos/finance.png  used on input line 157.
(pdftex.def)             Requested size: 134.45891pt x 71.13188pt.
File: Logos/Bamberg.png Graphic file (type png)
<use Logos/Bamberg.png>
Package pdftex.def Info: Logos/Bamberg.png  used on input line 157.
(pdftex.def)             Requested size: 63.81245pt x 56.9055pt.


[5]
File: Logos/signature.png Graphic file (type png)
<use Logos/signature.png>
Package pdftex.def Info: Logos/signature.png  used on input line 157.
(pdftex.def)             Requested size: 70.46037pt x 43.58778pt.

Underfull \hbox (badness 10000) in paragraph at lines 157--157

 []


Underfull \hbox (badness 10000) in paragraph at lines 157--157

 []


Underfull \hbox (badness 10000) in paragraph at lines 157--157

 []


Underfull \hbox (badness 10000) in paragraph at lines 157--157

 []


Underfull \hbox (badness 10000) in paragraph at lines 157--157

 []

File: Logos/jef.png Graphic file (type png)
<use Logos/jef.png>
Package pdftex.def Info: Logos/jef.png  used on input line 157.
(pdftex.def)             Requested size: 167.31253pt x 56.9055pt.
File: Logos/simep.png Graphic file (type png)
<use Logos/simep.png>
Package pdftex.def Info: Logos/simep.png  used on input line 157.
(pdftex.def)             Requested size: 78.24355pt x 78.24507pt.
File: Logos/finance.png Graphic file (type png)
<use Logos/finance.png>
Package pdftex.def Info: Logos/finance.png  used on input line 157.
(pdftex.def)             Requested size: 134.45891pt x 71.13188pt.
File: Logos/Bamberg.png Graphic file (type png)
<use Logos/Bamberg.png>
Package pdftex.def Info: Logos/Bamberg.png  used on input line 157.
(pdftex.def)             Requested size: 63.81245pt x 56.9055pt.


[6]
File: Logos/signature.png Graphic file (type png)
<use Logos/signature.png>
Package pdftex.def Info: Logos/signature.png  used on input line 157.
(pdftex.def)             Requested size: 70.46037pt x 43.58778pt.

Underfull \hbox (badness 10000) in paragraph at lines 157--157

 []


Underfull \hbox (badness 10000) in paragraph at lines 157--157

 []


Underfull \hbox (badness 10000) in paragraph at lines 157--157

 []


Underfull \hbox (badness 10000) in paragraph at lines 157--157

 []


Underfull \hbox (badness 10000) in paragraph at lines 157--157

 []

File: Logos/jef.png Graphic file (type png)
<use Logos/jef.png>
Package pdftex.def Info: Logos/jef.png  used on input line 157.
(pdftex.def)             Requested size: 167.31253pt x 56.9055pt.
File: Logos/simep.png Graphic file (type png)
<use Logos/simep.png>
Package pdftex.def Info: Logos/simep.png  used on input line 157.
(pdftex.def)             Requested size: 78.24355pt x 78.24507pt.
File: Logos/finance.png Graphic file (type png)
<use Logos/finance.png>
Package pdftex.def Info: Logos/finance.png  used on input line 157.
(pdftex.def)             Requested size: 134.45891pt x 71.13188pt.
File: Logos/Bamberg.png Graphic file (type png)
<use Logos/Bamberg.png>
Package pdftex.def Info: Logos/Bamberg.png  used on input line 157.
(pdftex.def)             Requested size: 63.81245pt x 56.9055pt.


[7]
File: Logos/signature.png Graphic file (type png)
<use Logos/signature.png>
Package pdftex.def Info: Logos/signature.png  used on input line 157.
(pdftex.def)             Requested size: 70.46037pt x 43.58778pt.

Underfull \hbox (badness 10000) in paragraph at lines 157--157

 []


Overfull \hbox (8.12175pt too wide) in paragraph at lines 157--157
\OT1/cmr/m/n/10.95 Plenardebatte mitgewirkt und eine Entschlie^^Yung des Europ[
]aischen Parlaments zu einer Europ[]aischen
 []


Overfull \hbox (29.60326pt too wide) in paragraph at lines 157--157
\OT1/cmr/m/n/10.95 Armee erarbeitet. Dabei wurden das europ[]aische politische 
System im Allgemeinen und die Funktionsweise
 []


Underfull \hbox (badness 10000) in paragraph at lines 157--157

 []


Underfull \hbox (badness 10000) in paragraph at lines 157--157

 []


Underfull \hbox (badness 10000) in paragraph at lines 157--157

 []


Underfull \hbox (badness 10000) in paragraph at lines 157--157

 []

File: Logos/jef.png Graphic file (type png)
<use Logos/jef.png>
Package pdftex.def Info: Logos/jef.png  used on input line 157.
(pdftex.def)             Requested size: 167.31253pt x 56.9055pt.
File: Logos/simep.png Graphic file (type png)
<use Logos/simep.png>
Package pdftex.def Info: Logos/simep.png  used on input line 157.
(pdftex.def)             Requested size: 78.24355pt x 78.24507pt.
File: Logos/finance.png Graphic file (type png)
<use Logos/finance.png>
Package pdftex.def Info: Logos/finance.png  used on input line 157.
(pdftex.def)             Requested size: 134.45891pt x 71.13188pt.
File: Logos/Bamberg.png Graphic file (type png)
<use Logos/Bamberg.png>
Package pdftex.def Info: Logos/Bamberg.png  used on input line 157.
(pdftex.def)             Requested size: 63.81245pt x 56.9055pt.


[8]
File: Logos/signature.png Graphic file (type png)
<use Logos/signature.png>
Package pdftex.def Info: Logos/signature.png  used on input line 157.
(pdftex.def)             Requested size: 70.46037pt x 43.58778pt.

Underfull \hbox (badness 10000) in paragraph at lines 157--157

 []


Underfull \hbox (badness 10000) in paragraph at lines 157--157

 []


Underfull \hbox (badness 10000) in paragraph at lines 157--157

 []


Underfull \hbox (badness 10000) in paragraph at lines 157--157

 []


Underfull \hbox (badness 10000) in paragraph at lines 157--157

 []

File: Logos/jef.png Graphic file (type png)
<use Logos/jef.png>
Package pdftex.def Info: Logos/jef.png  used on input line 157.
(pdftex.def)             Requested size: 167.31253pt x 56.9055pt.
File: Logos/simep.png Graphic file (type png)
<use Logos/simep.png>
Package pdftex.def Info: Logos/simep.png  used on input line 157.
(pdftex.def)             Requested size: 78.24355pt x 78.24507pt.
File: Logos/finance.png Graphic file (type png)
<use Logos/finance.png>
Package pdftex.def Info: Logos/finance.png  used on input line 157.
(pdftex.def)             Requested size: 134.45891pt x 71.13188pt.
File: Logos/Bamberg.png Graphic file (type png)
<use Logos/Bamberg.png>
Package pdftex.def Info: Logos/Bamberg.png  used on input line 157.
(pdftex.def)             Requested size: 63.81245pt x 56.9055pt.


[9]
File: Logos/signature.png Graphic file (type png)
<use Logos/signature.png>
Package pdftex.def Info: Logos/signature.png  used on input line 157.
(pdftex.def)             Requested size: 70.46037pt x 43.58778pt.

Underfull \hbox (badness 10000) in paragraph at lines 157--157

 []


Underfull \hbox (badness 10000) in paragraph at lines 157--157

 []


Underfull \hbox (badness 10000) in paragraph at lines 157--157

 []


Underfull \hbox (badness 10000) in paragraph at lines 157--157

 []


Underfull \hbox (badness 10000) in paragraph at lines 157--157

 []

File: Logos/jef.png Graphic file (type png)
<use Logos/jef.png>
Package pdftex.def Info: Logos/jef.png  used on input line 157.
(pdftex.def)             Requested size: 167.31253pt x 56.9055pt.
File: Logos/simep.png Graphic file (type png)
<use Logos/simep.png>
Package pdftex.def Info: Logos/simep.png  used on input line 157.
(pdftex.def)             Requested size: 78.24355pt x 78.24507pt.
File: Logos/finance.png Graphic file (type png)
<use Logos/finance.png>
Package pdftex.def Info: Logos/finance.png  used on input line 157.
(pdftex.def)             Requested size: 134.45891pt x 71.13188pt.
File: Logos/Bamberg.png Graphic file (type png)
<use Logos/Bamberg.png>
Package pdftex.def Info: Logos/Bamberg.png  used on input line 157.
(pdftex.def)             Requested size: 63.81245pt x 56.9055pt.


[10]
File: Logos/signature.png Graphic file (type png)
<use Logos/signature.png>
Package pdftex.def Info: Logos/signature.png  used on input line 157.
(pdftex.def)             Requested size: 70.46037pt x 43.58778pt.

Underfull \hbox (badness 10000) in paragraph at lines 157--157

 []


Underfull \hbox (badness 10000) in paragraph at lines 157--157

 []


Underfull \hbox (badness 10000) in paragraph at lines 157--157

 []


Underfull \hbox (badness 10000) in paragraph at lines 157--157

 []


Underfull \hbox (badness 10000) in paragraph at lines 157--157

 []

File: Logos/jef.png Graphic file (type png)
<use Logos/jef.png>
Package pdftex.def Info: Logos/jef.png  used on input line 157.
(pdftex.def)             Requested size: 167.31253pt x 56.9055pt.
File: Logos/simep.png Graphic file (type png)
<use Logos/simep.png>
Package pdftex.def Info: Logos/simep.png  used on input line 157.
(pdftex.def)             Requested size: 78.24355pt x 78.24507pt.
File: Logos/finance.png Graphic file (type png)
<use Logos/finance.png>
Package pdftex.def Info: Logos/finance.png  used on input line 157.
(pdftex.def)             Requested size: 134.45891pt x 71.13188pt.
File: Logos/Bamberg.png Graphic file (type png)
<use Logos/Bamberg.png>
Package pdftex.def Info: Logos/Bamberg.png  used on input line 157.
(pdftex.def)             Requested size: 63.81245pt x 56.9055pt.


[11]
File: Logos/signature.png Graphic file (type png)
<use Logos/signature.png>
Package pdftex.def Info: Logos/signature.png  used on input line 157.
(pdftex.def)             Requested size: 70.46037pt x 43.58778pt.

Underfull \hbox (badness 10000) in paragraph at lines 157--157

 []


Underfull \hbox (badness 10000) in paragraph at lines 157--157

 []


Underfull \hbox (badness 10000) in paragraph at lines 157--157

 []


Underfull \hbox (badness 10000) in paragraph at lines 157--157

 []


Underfull \hbox (badness 10000) in paragraph at lines 157--157

 []

File: Logos/jef.png Graphic file (type png)
<use Logos/jef.png>
Package pdftex.def Info: Logos/jef.png  used on input line 157.
(pdftex.def)             Requested size: 167.31253pt x 56.9055pt.
File: Logos/simep.png Graphic file (type png)
<use Logos/simep.png>
Package pdftex.def Info: Logos/simep.png  used on input line 157.
(pdftex.def)             Requested size: 78.24355pt x 78.24507pt.
File: Logos/finance.png Graphic file (type png)
<use Logos/finance.png>
Package pdftex.def Info: Logos/finance.png  used on input line 157.
(pdftex.def)             Requested size: 134.45891pt x 71.13188pt.
File: Logos/Bamberg.png Graphic file (type png)
<use Logos/Bamberg.png>
Package pdftex.def Info: Logos/Bamberg.png  used on input line 157.
(pdftex.def)             Requested size: 63.81245pt x 56.9055pt.


[12]
File: Logos/signature.png Graphic file (type png)
<use Logos/signature.png>
Package pdftex.def Info: Logos/signature.png  used on input line 157.
(pdftex.def)             Requested size: 70.46037pt x 43.58778pt.

Underfull \hbox (badness 10000) in paragraph at lines 157--157

 []


Underfull \hbox (badness 10000) in paragraph at lines 157--157

 []


Underfull \hbox (badness 10000) in paragraph at lines 157--157

 []


Underfull \hbox (badness 10000) in paragraph at lines 157--157

 []


Underfull \hbox (badness 10000) in paragraph at lines 157--157

 []

File: Logos/jef.png Graphic file (type png)
<use Logos/jef.png>
Package pdftex.def Info: Logos/jef.png  used on input line 157.
(pdftex.def)             Requested size: 167.31253pt x 56.9055pt.
File: Logos/simep.png Graphic file (type png)
<use Logos/simep.png>
Package pdftex.def Info: Logos/simep.png  used on input line 157.
(pdftex.def)             Requested size: 78.24355pt x 78.24507pt.
File: Logos/finance.png Graphic file (type png)
<use Logos/finance.png>
Package pdftex.def Info: Logos/finance.png  used on input line 157.
(pdftex.def)             Requested size: 134.45891pt x 71.13188pt.
File: Logos/Bamberg.png Graphic file (type png)
<use Logos/Bamberg.png>
Package pdftex.def Info: Logos/Bamberg.png  used on input line 157.
(pdftex.def)             Requested size: 63.81245pt x 56.9055pt.


[13]
File: Logos/signature.png Graphic file (type png)
<use Logos/signature.png>
Package pdftex.def Info: Logos/signature.png  used on input line 157.
(pdftex.def)             Requested size: 70.46037pt x 43.58778pt.

Underfull \hbox (badness 10000) in paragraph at lines 157--157

 []


Underfull \hbox (badness 10000) in paragraph at lines 157--157

 []


Underfull \hbox (badness 10000) in paragraph at lines 157--157

 []


Underfull \hbox (badness 10000) in paragraph at lines 157--157

 []


Underfull \hbox (badness 10000) in paragraph at lines 157--157

 []

File: Logos/jef.png Graphic file (type png)
<use Logos/jef.png>
Package pdftex.def Info: Logos/jef.png  used on input line 157.
(pdftex.def)             Requested size: 167.31253pt x 56.9055pt.
File: Logos/simep.png Graphic file (type png)
<use Logos/simep.png>
Package pdftex.def Info: Logos/simep.png  used on input line 157.
(pdftex.def)             Requested size: 78.24355pt x 78.24507pt.
File: Logos/finance.png Graphic file (type png)
<use Logos/finance.png>
Package pdftex.def Info: Logos/finance.png  used on input line 157.
(pdftex.def)             Requested size: 134.45891pt x 71.13188pt.
File: Logos/Bamberg.png Graphic file (type png)
<use Logos/Bamberg.png>
Package pdftex.def Info: Logos/Bamberg.png  used on input line 157.
(pdftex.def)             Requested size: 63.81245pt x 56.9055pt.


[14]
File: Logos/signature.png Graphic file (type png)
<use Logos/signature.png>
Package pdftex.def Info: Logos/signature.png  used on input line 157.
(pdftex.def)             Requested size: 70.46037pt x 43.58778pt.

Underfull \hbox (badness 10000) in paragraph at lines 157--157

 []


Underfull \hbox (badness 10000) in paragraph at lines 157--157

 []


Underfull \hbox (badness 10000) in paragraph at lines 157--157

 []


Underfull \hbox (badness 10000) in paragraph at lines 157--157

 []


Underfull \hbox (badness 10000) in paragraph at lines 157--157

 []

File: Logos/jef.png Graphic file (type png)
<use Logos/jef.png>
Package pdftex.def Info: Logos/jef.png  used on input line 157.
(pdftex.def)             Requested size: 167.31253pt x 56.9055pt.
File: Logos/simep.png Graphic file (type png)
<use Logos/simep.png>
Package pdftex.def Info: Logos/simep.png  used on input line 157.
(pdftex.def)             Requested size: 78.24355pt x 78.24507pt.
File: Logos/finance.png Graphic file (type png)
<use Logos/finance.png>
Package pdftex.def Info: Logos/finance.png  used on input line 157.
(pdftex.def)             Requested size: 134.45891pt x 71.13188pt.
File: Logos/Bamberg.png Graphic file (type png)
<use Logos/Bamberg.png>
Package pdftex.def Info: Logos/Bamberg.png  used on input line 157.
(pdftex.def)             Requested size: 63.81245pt x 56.9055pt.


[15]
File: Logos/signature.png Graphic file (type png)
<use Logos/signature.png>
Package pdftex.def Info: Logos/signature.png  used on input line 157.
(pdftex.def)             Requested size: 70.46037pt x 43.58778pt.

Underfull \hbox (badness 10000) in paragraph at lines 157--157

 []


Underfull \hbox (badness 10000) in paragraph at lines 157--157

 []


Underfull \hbox (badness 10000) in paragraph at lines 157--157

 []


Underfull \hbox (badness 10000) in paragraph at lines 157--157

 []


Underfull \hbox (badness 10000) in paragraph at lines 157--157

 []

File: Logos/jef.png Graphic file (type png)
<use Logos/jef.png>
Package pdftex.def Info: Logos/jef.png  used on input line 157.
(pdftex.def)             Requested size: 167.31253pt x 56.9055pt.
File: Logos/simep.png Graphic file (type png)
<use Logos/simep.png>
Package pdftex.def Info: Logos/simep.png  used on input line 157.
(pdftex.def)             Requested size: 78.24355pt x 78.24507pt.
File: Logos/finance.png Graphic file (type png)
<use Logos/finance.png>
Package pdftex.def Info: Logos/finance.png  used on input line 157.
(pdftex.def)             Requested size: 134.45891pt x 71.13188pt.
File: Logos/Bamberg.png Graphic file (type png)
<use Logos/Bamberg.png>
Package pdftex.def Info: Logos/Bamberg.png  used on input line 157.
(pdftex.def)             Requested size: 63.81245pt x 56.9055pt.


[16]
File: Logos/signature.png Graphic file (type png)
<use Logos/signature.png>
Package pdftex.def Info: Logos/signature.png  used on input line 157.
(pdftex.def)             Requested size: 70.46037pt x 43.58778pt.

Underfull \hbox (badness 10000) in paragraph at lines 157--157

 []


Underfull \hbox (badness 10000) in paragraph at lines 157--157

 []


Underfull \hbox (badness 10000) in paragraph at lines 157--157

 []


Underfull \hbox (badness 10000) in paragraph at lines 157--157

 []


Underfull \hbox (badness 10000) in paragraph at lines 157--157

 []

File: Logos/jef.png Graphic file (type png)
<use Logos/jef.png>
Package pdftex.def Info: Logos/jef.png  used on input line 157.
(pdftex.def)             Requested size: 167.31253pt x 56.9055pt.
File: Logos/simep.png Graphic file (type png)
<use Logos/simep.png>
Package pdftex.def Info: Logos/simep.png  used on input line 157.
(pdftex.def)             Requested size: 78.24355pt x 78.24507pt.
File: Logos/finance.png Graphic file (type png)
<use Logos/finance.png>
Package pdftex.def Info: Logos/finance.png  used on input line 157.
(pdftex.def)             Requested size: 134.45891pt x 71.13188pt.
File: Logos/Bamberg.png Graphic file (type png)
<use Logos/Bamberg.png>
Package pdftex.def Info: Logos/Bamberg.png  used on input line 157.
(pdftex.def)             Requested size: 63.81245pt x 56.9055pt.


[17]
File: Logos/signature.png Graphic file (type png)
<use Logos/signature.png>
Package pdftex.def Info: Logos/signature.png  used on input line 157.
(pdftex.def)             Requested size: 70.46037pt x 43.58778pt.

Underfull \hbox (badness 10000) in paragraph at lines 157--157

 []


Underfull \hbox (badness 10000) in paragraph at lines 157--157

 []


Underfull \hbox (badness 10000) in paragraph at lines 157--157

 []


Underfull \hbox (badness 10000) in paragraph at lines 157--157

 []


Underfull \hbox (badness 10000) in paragraph at lines 157--157

 []

File: Logos/jef.png Graphic file (type png)
<use Logos/jef.png>
Package pdftex.def Info: Logos/jef.png  used on input line 157.
(pdftex.def)             Requested size: 167.31253pt x 56.9055pt.
File: Logos/simep.png Graphic file (type png)
<use Logos/simep.png>
Package pdftex.def Info: Logos/simep.png  used on input line 157.
(pdftex.def)             Requested size: 78.24355pt x 78.24507pt.
File: Logos/finance.png Graphic file (type png)
<use Logos/finance.png>
Package pdftex.def Info: Logos/finance.png  used on input line 157.
(pdftex.def)             Requested size: 134.45891pt x 71.13188pt.
File: Logos/Bamberg.png Graphic file (type png)
<use Logos/Bamberg.png>
Package pdftex.def Info: Logos/Bamberg.png  used on input line 157.
(pdftex.def)             Requested size: 63.81245pt x 56.9055pt.


[18]
File: Logos/signature.png Graphic file (type png)
<use Logos/signature.png>
Package pdftex.def Info: Logos/signature.png  used on input line 157.
(pdftex.def)             Requested size: 70.46037pt x 43.58778pt.

Underfull \hbox (badness 10000) in paragraph at lines 157--157

 []


Underfull \hbox (badness 10000) in paragraph at lines 157--157

 []


Underfull \hbox (badness 10000) in paragraph at lines 157--157

 []


Underfull \hbox (badness 10000) in paragraph at lines 157--157

 []


Underfull \hbox (badness 10000) in paragraph at lines 157--157

 []

File: Logos/jef.png Graphic file (type png)
<use Logos/jef.png>
Package pdftex.def Info: Logos/jef.png  used on input line 157.
(pdftex.def)             Requested size: 167.31253pt x 56.9055pt.
File: Logos/simep.png Graphic file (type png)
<use Logos/simep.png>
Package pdftex.def Info: Logos/simep.png  used on input line 157.
(pdftex.def)             Requested size: 78.24355pt x 78.24507pt.
File: Logos/finance.png Graphic file (type png)
<use Logos/finance.png>
Package pdftex.def Info: Logos/finance.png  used on input line 157.
(pdftex.def)             Requested size: 134.45891pt x 71.13188pt.
File: Logos/Bamberg.png Graphic file (type png)
<use Logos/Bamberg.png>
Package pdftex.def Info: Logos/Bamberg.png  used on input line 157.
(pdftex.def)             Requested size: 63.81245pt x 56.9055pt.


[19]
File: Logos/signature.png Graphic file (type png)
<use Logos/signature.png>
Package pdftex.def Info: Logos/signature.png  used on input line 157.
(pdftex.def)             Requested size: 70.46037pt x 43.58778pt.

Underfull \hbox (badness 10000) in paragraph at lines 157--157

 []


Underfull \hbox (badness 10000) in paragraph at lines 157--157

 []


Underfull \hbox (badness 10000) in paragraph at lines 157--157

 []


Underfull \hbox (badness 10000) in paragraph at lines 157--157

 []


Underfull \hbox (badness 10000) in paragraph at lines 157--157

 []

File: Logos/jef.png Graphic file (type png)
<use Logos/jef.png>
Package pdftex.def Info: Logos/jef.png  used on input line 157.
(pdftex.def)             Requested size: 167.31253pt x 56.9055pt.
File: Logos/simep.png Graphic file (type png)
<use Logos/simep.png>
Package pdftex.def Info: Logos/simep.png  used on input line 157.
(pdftex.def)             Requested size: 78.24355pt x 78.24507pt.
File: Logos/finance.png Graphic file (type png)
<use Logos/finance.png>
Package pdftex.def Info: Logos/finance.png  used on input line 157.
(pdftex.def)             Requested size: 134.45891pt x 71.13188pt.
File: Logos/Bamberg.png Graphic file (type png)
<use Logos/Bamberg.png>
Package pdftex.def Info: Logos/Bamberg.png  used on input line 157.
(pdftex.def)             Requested size: 63.81245pt x 56.9055pt.


[20]
File: Logos/signature.png Graphic file (type png)
<use Logos/signature.png>
Package pdftex.def Info: Logos/signature.png  used on input line 157.
(pdftex.def)             Requested size: 70.46037pt x 43.58778pt.

Underfull \hbox (badness 10000) in paragraph at lines 157--157

 []


Overfull \hbox (8.12175pt too wide) in paragraph at lines 157--157
\OT1/cmr/m/n/10.95 Plenardebatte mitgewirkt und eine Entschlie^^Yung des Europ[
]aischen Parlaments zu einer Europ[]aischen
 []


Overfull \hbox (29.60326pt too wide) in paragraph at lines 157--157
\OT1/cmr/m/n/10.95 Armee erarbeitet. Dabei wurden das europ[]aische politische 
System im Allgemeinen und die Funktionsweise
 []


Underfull \hbox (badness 10000) in paragraph at lines 157--157

 []


Underfull \hbox (badness 10000) in paragraph at lines 157--157

 []


Underfull \hbox (badness 10000) in paragraph at lines 157--157

 []


Underfull \hbox (badness 10000) in paragraph at lines 157--157

 []

File: Logos/jef.png Graphic file (type png)
<use Logos/jef.png>
Package pdftex.def Info: Logos/jef.png  used on input line 157.
(pdftex.def)             Requested size: 167.31253pt x 56.9055pt.
File: Logos/simep.png Graphic file (type png)
<use Logos/simep.png>
Package pdftex.def Info: Logos/simep.png  used on input line 157.
(pdftex.def)             Requested size: 78.24355pt x 78.24507pt.
File: Logos/finance.png Graphic file (type png)
<use Logos/finance.png>
Package pdftex.def Info: Logos/finance.png  used on input line 157.
(pdftex.def)             Requested size: 134.45891pt x 71.13188pt.
File: Logos/Bamberg.png Graphic file (type png)
<use Logos/Bamberg.png>
Package pdftex.def Info: Logos/Bamberg.png  used on input line 157.
(pdftex.def)             Requested size: 63.81245pt x 56.9055pt.


[21]
File: Logos/signature.png Graphic file (type png)
<use Logos/signature.png>
Package pdftex.def Info: Logos/signature.png  used on input line 157.
(pdftex.def)             Requested size: 70.46037pt x 43.58778pt.

Underfull \hbox (badness 10000) in paragraph at lines 157--157

 []


Underfull \hbox (badness 10000) in paragraph at lines 157--157

 []


Underfull \hbox (badness 10000) in paragraph at lines 157--157

 []


Underfull \hbox (badness 10000) in paragraph at lines 157--157

 []


Underfull \hbox (badness 10000) in paragraph at lines 157--157

 []

File: Logos/jef.png Graphic file (type png)
<use Logos/jef.png>
Package pdftex.def Info: Logos/jef.png  used on input line 157.
(pdftex.def)             Requested size: 167.31253pt x 56.9055pt.
File: Logos/simep.png Graphic file (type png)
<use Logos/simep.png>
Package pdftex.def Info: Logos/simep.png  used on input line 157.
(pdftex.def)             Requested size: 78.24355pt x 78.24507pt.
File: Logos/finance.png Graphic file (type png)
<use Logos/finance.png>
Package pdftex.def Info: Logos/finance.png  used on input line 157.
(pdftex.def)             Requested size: 134.45891pt x 71.13188pt.
File: Logos/Bamberg.png Graphic file (type png)
<use Logos/Bamberg.png>
Package pdftex.def Info: Logos/Bamberg.png  used on input line 157.
(pdftex.def)             Requested size: 63.81245pt x 56.9055pt.


[22]
File: Logos/signature.png Graphic file (type png)
<use Logos/signature.png>
Package pdftex.def Info: Logos/signature.png  used on input line 157.
(pdftex.def)             Requested size: 70.46037pt x 43.58778pt.

Underfull \hbox (badness 10000) in paragraph at lines 157--157

 []


Underfull \hbox (badness 10000) in paragraph at lines 157--157

 []


Underfull \hbox (badness 10000) in paragraph at lines 157--157

 []


Underfull \hbox (badness 10000) in paragraph at lines 157--157

 []


Underfull \hbox (badness 10000) in paragraph at lines 157--157

 []

File: Logos/jef.png Graphic file (type png)
<use Logos/jef.png>
Package pdftex.def Info: Logos/jef.png  used on input line 157.
(pdftex.def)             Requested size: 167.31253pt x 56.9055pt.
File: Logos/simep.png Graphic file (type png)
<use Logos/simep.png>
Package pdftex.def Info: Logos/simep.png  used on input line 157.
(pdftex.def)             Requested size: 78.24355pt x 78.24507pt.
File: Logos/finance.png Graphic file (type png)
<use Logos/finance.png>
Package pdftex.def Info: Logos/finance.png  used on input line 157.
(pdftex.def)             Requested size: 134.45891pt x 71.13188pt.
File: Logos/Bamberg.png Graphic file (type png)
<use Logos/Bamberg.png>
Package pdftex.def Info: Logos/Bamberg.png  used on input line 157.
(pdftex.def)             Requested size: 63.81245pt x 56.9055pt.


[23]
File: Logos/signature.png Graphic file (type png)
<use Logos/signature.png>
Package pdftex.def Info: Logos/signature.png  used on input line 157.
(pdftex.def)             Requested size: 70.46037pt x 43.58778pt.

Underfull \hbox (badness 10000) in paragraph at lines 157--157

 []


Underfull \hbox (badness 10000) in paragraph at lines 157--157

 []


Underfull \hbox (badness 10000) in paragraph at lines 157--157

 []


Underfull \hbox (badness 10000) in paragraph at lines 157--157

 []


Underfull \hbox (badness 10000) in paragraph at lines 157--157

 []

File: Logos/jef.png Graphic file (type png)
<use Logos/jef.png>
Package pdftex.def Info: Logos/jef.png  used on input line 157.
(pdftex.def)             Requested size: 167.31253pt x 56.9055pt.
File: Logos/simep.png Graphic file (type png)
<use Logos/simep.png>
Package pdftex.def Info: Logos/simep.png  used on input line 157.
(pdftex.def)             Requested size: 78.24355pt x 78.24507pt.
File: Logos/finance.png Graphic file (type png)
<use Logos/finance.png>
Package pdftex.def Info: Logos/finance.png  used on input line 157.
(pdftex.def)             Requested size: 134.45891pt x 71.13188pt.
File: Logos/Bamberg.png Graphic file (type png)
<use Logos/Bamberg.png>
Package pdftex.def Info: Logos/Bamberg.png  used on input line 157.
(pdftex.def)             Requested size: 63.81245pt x 56.9055pt.


[24]
File: Logos/signature.png Graphic file (type png)
<use Logos/signature.png>
Package pdftex.def Info: Logos/signature.png  used on input line 157.
(pdftex.def)             Requested size: 70.46037pt x 43.58778pt.

Underfull \hbox (badness 10000) in paragraph at lines 157--157

 []


Underfull \hbox (badness 10000) in paragraph at lines 157--157

 []


Underfull \hbox (badness 10000) in paragraph at lines 157--157

 []


Underfull \hbox (badness 10000) in paragraph at lines 157--157

 []


Underfull \hbox (badness 10000) in paragraph at lines 157--157

 []

File: Logos/jef.png Graphic file (type png)
<use Logos/jef.png>
Package pdftex.def Info: Logos/jef.png  used on input line 157.
(pdftex.def)             Requested size: 167.31253pt x 56.9055pt.
File: Logos/simep.png Graphic file (type png)
<use Logos/simep.png>
Package pdftex.def Info: Logos/simep.png  used on input line 157.
(pdftex.def)             Requested size: 78.24355pt x 78.24507pt.
File: Logos/finance.png Graphic file (type png)
<use Logos/finance.png>
Package pdftex.def Info: Logos/finance.png  used on input line 157.
(pdftex.def)             Requested size: 134.45891pt x 71.13188pt.
File: Logos/Bamberg.png Graphic file (type png)
<use Logos/Bamberg.png>
Package pdftex.def Info: Logos/Bamberg.png  used on input line 157.
(pdftex.def)             Requested size: 63.81245pt x 56.9055pt.


[25] (TN-Zertifikat.aux)
 ***********
LaTeX2e <2024-06-01>
L3 programming layer <2024-05-08>
 ***********


LaTeX Warning: Label(s) may have changed. Rerun to get cross-references right.

 ) 
Here is how much of TeX's memory you used:
 17368 strings out of 473938
 340476 string characters out of 5726448
 1935893 words of memory out of 5000000
 39865 multiletter control sequences out of 15000+600000
 562083 words of font info for 50 fonts, out of 8000000 for 9000
 1141 hyphenation exceptions out of 8191
 94i,6n,93p,663b,628s stack positions out of 10000i,1000n,20000p,200000b,200000s
<C:/Users/Vincent/AppData/Local/Programs/MiKTeX/fonts/type1/public/amsfonts/c
m/cmbx12.pfb><C:/Users/Vincent/AppData/Local/Programs/MiKTeX/fonts/type1/public
/amsfonts/cm/cmr10.pfb><C:/Users/Vincent/AppData/Local/Programs/MiKTeX/fonts/ty
pe1/public/amsfonts/cm/cmr12.pfb><C:/Users/Vincent/AppData/Local/Programs/MiKTe
X/fonts/type1/public/amsfonts/cm/cmr17.pfb><C:/Users/Vincent/AppData/Local/Prog
rams/MiKTeX/fonts/type1/public/amsfonts/cm/cmr9.pfb><C:/Users/Vincent/AppData/L
ocal/Programs/MiKTeX/fonts/type1/public/amsfonts/cm/cmsy9.pfb>
Output written on TN-Zertifikat.pdf (25 pages, 600445 bytes).
PDF statistics:
 126 PDF objects out of 1000 (max. 8388607)
 0 named destinations out of 1000 (max. 500000)
 38 words of extra memory for PDF output out of 10000 (max. 10000000)

